# Logfile created on 2014-07-27 13:07:37 -0700 by logger.rb/44203
I, [2014-07-27T13:07:37.617423 #78882]  INFO -- : 0:  rake (10.3.2) from /Users/Spike/.rvm/gems/ruby-2.1.0/specifications/rake-10.3.2.gemspec
I, [2014-07-27T13:07:37.617801 #78882]  INFO -- : 0:  i18n (0.6.9) from /Users/Spike/.rvm/gems/ruby-2.1.0/specifications/i18n-0.6.9.gemspec
I, [2014-07-27T13:07:37.618051 #78882]  INFO -- : 0:  minitest (4.7.5) from /Users/Spike/.rvm/rubies/ruby-2.1.0/lib/ruby/gems/2.1.0/specifications/default/minitest-4.7.5.gemspec
I, [2014-07-27T13:07:37.618317 #78882]  INFO -- : 0:  multi_json (1.10.1) from /Users/Spike/.rvm/gems/ruby-2.1.0/specifications/multi_json-1.10.1.gemspec
I, [2014-07-27T13:07:37.618563 #78882]  INFO -- : 0:  thread_safe (0.3.3) from /Users/Spike/.rvm/gems/ruby-2.1.0/specifications/thread_safe-0.3.3.gemspec
I, [2014-07-27T13:07:37.618815 #78882]  INFO -- : 0:  tzinfo (0.3.39) from /Users/Spike/.rvm/gems/ruby-2.1.0/specifications/tzinfo-0.3.39.gemspec
I, [2014-07-27T13:07:37.619044 #78882]  INFO -- : 0:  activesupport (4.0.3) from /Users/Spike/.rvm/gems/ruby-2.1.0/specifications/activesupport-4.0.3.gemspec
I, [2014-07-27T13:07:37.619288 #78882]  INFO -- : 0:  builder (3.1.4) from /Users/Spike/.rvm/gems/ruby-2.1.0/specifications/builder-3.1.4.gemspec
I, [2014-07-27T13:07:37.619556 #78882]  INFO -- : 0:  erubis (2.7.0) from /Users/Spike/.rvm/gems/ruby-2.1.0/specifications/erubis-2.7.0.gemspec
I, [2014-07-27T13:07:37.619789 #78882]  INFO -- : 0:  rack (1.5.2) from /Users/Spike/.rvm/gems/ruby-2.1.0/specifications/rack-1.5.2.gemspec
I, [2014-07-27T13:07:37.620023 #78882]  INFO -- : 0:  rack-test (0.6.2) from /Users/Spike/.rvm/gems/ruby-2.1.0/specifications/rack-test-0.6.2.gemspec
I, [2014-07-27T13:07:37.620259 #78882]  INFO -- : 0:  actionpack (4.0.3) from /Users/Spike/.rvm/gems/ruby-2.1.0/specifications/actionpack-4.0.3.gemspec
I, [2014-07-27T13:07:37.620491 #78882]  INFO -- : 0:  mime-types (1.25.1) from /Users/Spike/.rvm/gems/ruby-2.1.0/specifications/mime-types-1.25.1.gemspec
I, [2014-07-27T13:07:37.620733 #78882]  INFO -- : 0:  polyglot (0.3.4) from /Users/Spike/.rvm/gems/ruby-2.1.0/specifications/polyglot-0.3.4.gemspec
I, [2014-07-27T13:07:37.620994 #78882]  INFO -- : 0:  treetop (1.4.15) from /Users/Spike/.rvm/gems/ruby-2.1.0/specifications/treetop-1.4.15.gemspec
I, [2014-07-27T13:07:37.621232 #78882]  INFO -- : 0:  mail (2.5.4) from /Users/Spike/.rvm/gems/ruby-2.1.0/specifications/mail-2.5.4.gemspec
I, [2014-07-27T13:07:37.621464 #78882]  INFO -- : 0:  actionmailer (4.0.3) from /Users/Spike/.rvm/gems/ruby-2.1.0/specifications/actionmailer-4.0.3.gemspec
I, [2014-07-27T13:07:37.621712 #78882]  INFO -- : 0:  activemodel (4.0.3) from /Users/Spike/.rvm/gems/ruby-2.1.0/specifications/activemodel-4.0.3.gemspec
I, [2014-07-27T13:07:37.621950 #78882]  INFO -- : 0:  activerecord-deprecated_finders (1.0.3) from /Users/Spike/.rvm/gems/ruby-2.1.0/specifications/activerecord-deprecated_finders-1.0.3.gemspec
I, [2014-07-27T13:07:37.622184 #78882]  INFO -- : 0:  arel (4.0.2) from /Users/Spike/.rvm/gems/ruby-2.1.0/specifications/arel-4.0.2.gemspec
I, [2014-07-27T13:07:37.622426 #78882]  INFO -- : 0:  activerecord (4.0.3) from /Users/Spike/.rvm/gems/ruby-2.1.0/specifications/activerecord-4.0.3.gemspec
I, [2014-07-27T13:07:37.622674 #78882]  INFO -- : 0:  sass (3.2.19) from /Users/Spike/.rvm/gems/ruby-2.1.0/specifications/sass-3.2.19.gemspec
I, [2014-07-27T13:07:37.622896 #78882]  INFO -- : 0:  bootstrap-sass (3.1.1.1) from /Users/Spike/.rvm/gems/ruby-2.1.0/specifications/bootstrap-sass-3.1.1.1.gemspec
I, [2014-07-27T13:07:37.623140 #78882]  INFO -- : 0:  json (1.8.1) from /Users/Spike/.rvm/rubies/ruby-2.1.0/lib/ruby/gems/2.1.0/specifications/default/json-1.8.1.gemspec
I, [2014-07-27T13:07:37.623426 #78882]  INFO -- : 0:  carrierwave (0.10.0) from /Users/Spike/.rvm/gems/ruby-2.1.0/specifications/carrierwave-0.10.0.gemspec
I, [2014-07-27T13:07:37.623681 #78882]  INFO -- : 0:  coffee-script-source (1.7.0) from /Users/Spike/.rvm/gems/ruby-2.1.0/specifications/coffee-script-source-1.7.0.gemspec
I, [2014-07-27T13:07:37.623944 #78882]  INFO -- : 0:  execjs (2.0.2) from /Users/Spike/.rvm/gems/ruby-2.1.0/specifications/execjs-2.0.2.gemspec
I, [2014-07-27T13:07:37.624187 #78882]  INFO -- : 0:  coffee-script (2.2.0) from /Users/Spike/.rvm/gems/ruby-2.1.0/specifications/coffee-script-2.2.0.gemspec
I, [2014-07-27T13:07:37.624423 #78882]  INFO -- : 0:  thor (0.19.1) from /Users/Spike/.rvm/gems/ruby-2.1.0/specifications/thor-0.19.1.gemspec
I, [2014-07-27T13:07:37.624671 #78882]  INFO -- : 0:  railties (4.0.3) from /Users/Spike/.rvm/gems/ruby-2.1.0/specifications/railties-4.0.3.gemspec
I, [2014-07-27T13:07:37.624919 #78882]  INFO -- : 0:  coffee-rails (4.0.1) from /Users/Spike/.rvm/gems/ruby-2.1.0/specifications/coffee-rails-4.0.1.gemspec
I, [2014-07-27T13:07:37.625152 #78882]  INFO -- : 0:  commonjs (0.2.7) from /Users/Spike/.rvm/gems/ruby-2.1.0/specifications/commonjs-0.2.7.gemspec
I, [2014-07-27T13:07:37.625396 #78882]  INFO -- : 0:  daemons (1.1.9) from /Users/Spike/.rvm/gems/ruby-2.1.0/specifications/daemons-1.1.9.gemspec
I, [2014-07-27T13:07:37.625660 #78882]  INFO -- : 0:  eventmachine (1.0.3) from /Users/Spike/.rvm/gems/ruby-2.1.0/specifications/eventmachine-1.0.3.gemspec
I, [2014-07-27T13:07:37.625905 #78882]  INFO -- : 0:  less (2.4.0) from /Users/Spike/.rvm/gems/ruby-2.1.0/specifications/less-2.4.0.gemspec
I, [2014-07-27T13:07:37.626143 #78882]  INFO -- : 0:  font-awesome-less (4.1.0) from /Users/Spike/.rvm/gems/ruby-2.1.0/specifications/font-awesome-less-4.1.0.gemspec
I, [2014-07-27T13:07:37.626379 #78882]  INFO -- : 0:  font-awesome-sass (4.1.0) from /Users/Spike/.rvm/gems/ruby-2.1.0/specifications/font-awesome-sass-4.1.0.gemspec
I, [2014-07-27T13:07:37.626612 #78882]  INFO -- : 0:  hike (1.2.3) from /Users/Spike/.rvm/gems/ruby-2.1.0/specifications/hike-1.2.3.gemspec
I, [2014-07-27T13:07:37.626857 #78882]  INFO -- : 0:  hirb (0.7.1) from /Users/Spike/.rvm/gems/ruby-2.1.0/specifications/hirb-0.7.1.gemspec
I, [2014-07-27T13:07:37.627093 #78882]  INFO -- : 0:  jbuilder (1.5.3) from /Users/Spike/.rvm/gems/ruby-2.1.0/specifications/jbuilder-1.5.3.gemspec
I, [2014-07-27T13:07:37.627333 #78882]  INFO -- : 0:  jquery-rails (3.1.0) from /Users/Spike/.rvm/gems/ruby-2.1.0/specifications/jquery-rails-3.1.0.gemspec
I, [2014-07-27T13:07:37.627564 #78882]  INFO -- : 0:  less-rails (2.4.2) from /Users/Spike/.rvm/gems/ruby-2.1.0/specifications/less-rails-2.4.2.gemspec
I, [2014-07-27T13:07:37.627809 #78882]  INFO -- : 0:  libv8 (3.16.14.3) from /Users/Spike/.rvm/gems/ruby-2.1.0/specifications/libv8-3.16.14.3-x86_64-darwin-12.gemspec
I, [2014-07-27T13:07:37.628069 #78882]  INFO -- : 0:  pg (0.17.1) from /Users/Spike/.rvm/gems/ruby-2.1.0/specifications/pg-0.17.1.gemspec
I, [2014-07-27T13:07:37.628331 #78882]  INFO -- : 0:  bundler (1.5.1) from /Users/Spike/.rvm/gems/ruby-2.1.0@global/specifications/bundler-1.5.1.gemspec
I, [2014-07-27T13:07:37.628583 #78882]  INFO -- : 0:  tilt (1.4.1) from /Users/Spike/.rvm/gems/ruby-2.1.0/specifications/tilt-1.4.1.gemspec
I, [2014-07-27T13:07:37.628841 #78882]  INFO -- : 0:  sprockets (2.11.0) from /Users/Spike/.rvm/gems/ruby-2.1.0/specifications/sprockets-2.11.0.gemspec
I, [2014-07-27T13:07:37.629091 #78882]  INFO -- : 0:  sprockets-rails (2.0.1) from /Users/Spike/.rvm/gems/ruby-2.1.0/specifications/sprockets-rails-2.0.1.gemspec
I, [2014-07-27T13:07:37.629335 #78882]  INFO -- : 0:  rails (4.0.3) from /Users/Spike/.rvm/gems/ruby-2.1.0/specifications/rails-4.0.3.gemspec
I, [2014-07-27T13:07:37.629585 #78882]  INFO -- : 0:  rails-footnotes (4.0.1) from /Users/Spike/.rvm/gems/ruby-2.1.0/specifications/rails-footnotes-4.0.1.gemspec
I, [2014-07-27T13:07:37.629827 #78882]  INFO -- : 0:  rdoc (4.1.1) from /Users/Spike/.rvm/gems/ruby-2.1.0/specifications/rdoc-4.1.1.gemspec
I, [2014-07-27T13:07:37.630077 #78882]  INFO -- : 0:  ref (1.0.5) from /Users/Spike/.rvm/gems/ruby-2.1.0/specifications/ref-1.0.5.gemspec
I, [2014-07-27T13:07:37.630326 #78882]  INFO -- : 0:  sass-rails (4.0.3) from /Users/Spike/.rvm/gems/ruby-2.1.0/specifications/sass-rails-4.0.3.gemspec
I, [2014-07-27T13:07:37.630574 #78882]  INFO -- : 0:  sdoc (0.4.0) from /Users/Spike/.rvm/gems/ruby-2.1.0/specifications/sdoc-0.4.0.gemspec
I, [2014-07-27T13:07:37.630848 #78882]  INFO -- : 0:  simple_form (3.0.2) from /Users/Spike/.rvm/gems/ruby-2.1.0/specifications/simple_form-3.0.2.gemspec
I, [2014-07-27T13:07:37.631108 #78882]  INFO -- : 0:  sqlite3 (1.3.9) from /Users/Spike/.rvm/gems/ruby-2.1.0/specifications/sqlite3-1.3.9.gemspec
I, [2014-07-27T13:07:37.631349 #78882]  INFO -- : 0:  therubyracer (0.12.1) from /Users/Spike/.rvm/gems/ruby-2.1.0/specifications/therubyracer-0.12.1.gemspec
I, [2014-07-27T13:07:37.631606 #78882]  INFO -- : 0:  thin (1.6.2) from /Users/Spike/.rvm/gems/ruby-2.1.0/specifications/thin-1.6.2.gemspec
I, [2014-07-27T13:07:37.631889 #78882]  INFO -- : 0:  turbolinks (2.2.2) from /Users/Spike/.rvm/gems/ruby-2.1.0/specifications/turbolinks-2.2.2.gemspec
I, [2014-07-27T13:07:37.632166 #78882]  INFO -- : 0:  uglifier (2.5.0) from /Users/Spike/.rvm/gems/ruby-2.1.0/specifications/uglifier-2.5.0.gemspec
I, [2014-07-27T13:08:56.695092 #78919]  INFO -- : 0:  rake (10.3.2) from /Users/Spike/.rvm/gems/ruby-2.1.0/specifications/rake-10.3.2.gemspec
I, [2014-07-27T13:08:57.826555 #78919]  INFO -- : 0:  i18n (0.6.11) from /Users/Spike/.rvm/gems/ruby-2.1.0/specifications/i18n-0.6.11.gemspec
I, [2014-07-27T13:08:57.826875 #78919]  INFO -- : 0:  minitest (4.7.5) from /Users/Spike/.rvm/rubies/ruby-2.1.0/lib/ruby/gems/2.1.0/specifications/default/minitest-4.7.5.gemspec
I, [2014-07-27T13:08:57.827136 #78919]  INFO -- : 0:  multi_json (1.10.1) from /Users/Spike/.rvm/gems/ruby-2.1.0/specifications/multi_json-1.10.1.gemspec
I, [2014-07-27T13:08:58.631026 #78919]  INFO -- : 0:  thread_safe (0.3.4) from /Users/Spike/.rvm/gems/ruby-2.1.0/specifications/thread_safe-0.3.4.gemspec
I, [2014-07-27T13:08:59.628333 #78919]  INFO -- : 0:  tzinfo (0.3.40) from /Users/Spike/.rvm/gems/ruby-2.1.0/specifications/tzinfo-0.3.40.gemspec
I, [2014-07-27T13:08:59.628650 #78919]  INFO -- : 0:  activesupport (4.0.3) from /Users/Spike/.rvm/gems/ruby-2.1.0/specifications/activesupport-4.0.3.gemspec
I, [2014-07-27T13:08:59.628894 #78919]  INFO -- : 0:  builder (3.1.4) from /Users/Spike/.rvm/gems/ruby-2.1.0/specifications/builder-3.1.4.gemspec
I, [2014-07-27T13:08:59.629126 #78919]  INFO -- : 0:  erubis (2.7.0) from /Users/Spike/.rvm/gems/ruby-2.1.0/specifications/erubis-2.7.0.gemspec
I, [2014-07-27T13:08:59.629357 #78919]  INFO -- : 0:  rack (1.5.2) from /Users/Spike/.rvm/gems/ruby-2.1.0/specifications/rack-1.5.2.gemspec
I, [2014-07-27T13:08:59.629590 #78919]  INFO -- : 0:  rack-test (0.6.2) from /Users/Spike/.rvm/gems/ruby-2.1.0/specifications/rack-test-0.6.2.gemspec
I, [2014-07-27T13:08:59.629820 #78919]  INFO -- : 0:  actionpack (4.0.3) from /Users/Spike/.rvm/gems/ruby-2.1.0/specifications/actionpack-4.0.3.gemspec
I, [2014-07-27T13:08:59.630044 #78919]  INFO -- : 0:  mime-types (1.25.1) from /Users/Spike/.rvm/gems/ruby-2.1.0/specifications/mime-types-1.25.1.gemspec
I, [2014-07-27T13:09:00.466980 #78919]  INFO -- : 0:  polyglot (0.3.5) from /Users/Spike/.rvm/gems/ruby-2.1.0/specifications/polyglot-0.3.5.gemspec
I, [2014-07-27T13:09:00.467360 #78919]  INFO -- : 0:  treetop (1.4.15) from /Users/Spike/.rvm/gems/ruby-2.1.0/specifications/treetop-1.4.15.gemspec
I, [2014-07-27T13:09:00.467676 #78919]  INFO -- : 0:  mail (2.5.4) from /Users/Spike/.rvm/gems/ruby-2.1.0/specifications/mail-2.5.4.gemspec
I, [2014-07-27T13:09:00.467996 #78919]  INFO -- : 0:  actionmailer (4.0.3) from /Users/Spike/.rvm/gems/ruby-2.1.0/specifications/actionmailer-4.0.3.gemspec
I, [2014-07-27T13:09:00.468316 #78919]  INFO -- : 0:  activemodel (4.0.3) from /Users/Spike/.rvm/gems/ruby-2.1.0/specifications/activemodel-4.0.3.gemspec
I, [2014-07-27T13:09:00.468627 #78919]  INFO -- : 0:  activerecord-deprecated_finders (1.0.3) from /Users/Spike/.rvm/gems/ruby-2.1.0/specifications/activerecord-deprecated_finders-1.0.3.gemspec
I, [2014-07-27T13:09:00.468941 #78919]  INFO -- : 0:  arel (4.0.2) from /Users/Spike/.rvm/gems/ruby-2.1.0/specifications/arel-4.0.2.gemspec
I, [2014-07-27T13:09:00.469259 #78919]  INFO -- : 0:  activerecord (4.0.3) from /Users/Spike/.rvm/gems/ruby-2.1.0/specifications/activerecord-4.0.3.gemspec
I, [2014-07-27T13:09:00.469598 #78919]  INFO -- : 0:  sass (3.2.19) from /Users/Spike/.rvm/gems/ruby-2.1.0/specifications/sass-3.2.19.gemspec
I, [2014-07-27T13:09:01.979960 #78919]  INFO -- : 0:  bootstrap-sass (3.2.0.0) from /Users/Spike/.rvm/gems/ruby-2.1.0/specifications/bootstrap-sass-3.2.0.0.gemspec
I, [2014-07-27T13:09:01.980273 #78919]  INFO -- : 0:  bundler (1.5.1) from /Users/Spike/.rvm/gems/ruby-2.1.0@global/specifications/bundler-1.5.1.gemspec
I, [2014-07-27T13:09:01.980531 #78919]  INFO -- : 0:  json (1.8.1) from /Users/Spike/.rvm/rubies/ruby-2.1.0/lib/ruby/gems/2.1.0/specifications/default/json-1.8.1.gemspec
I, [2014-07-27T13:09:01.980795 #78919]  INFO -- : 0:  carrierwave (0.10.0) from /Users/Spike/.rvm/gems/ruby-2.1.0/specifications/carrierwave-0.10.0.gemspec
I, [2014-07-27T13:09:02.521194 #78919]  INFO -- : 0:  coffee-script-source (1.7.1) from /Users/Spike/.rvm/gems/ruby-2.1.0/specifications/coffee-script-source-1.7.1.gemspec
I, [2014-07-27T13:09:03.063875 #78919]  INFO -- : 0:  execjs (2.2.1) from /Users/Spike/.rvm/gems/ruby-2.1.0/specifications/execjs-2.2.1.gemspec
I, [2014-07-27T13:09:03.594188 #78919]  INFO -- : 0:  coffee-script (2.3.0) from /Users/Spike/.rvm/gems/ruby-2.1.0/specifications/coffee-script-2.3.0.gemspec
I, [2014-07-27T13:09:03.594523 #78919]  INFO -- : 0:  thor (0.19.1) from /Users/Spike/.rvm/gems/ruby-2.1.0/specifications/thor-0.19.1.gemspec
I, [2014-07-27T13:09:03.594778 #78919]  INFO -- : 0:  railties (4.0.3) from /Users/Spike/.rvm/gems/ruby-2.1.0/specifications/railties-4.0.3.gemspec
I, [2014-07-27T13:09:03.595037 #78919]  INFO -- : 0:  coffee-rails (4.0.1) from /Users/Spike/.rvm/gems/ruby-2.1.0/specifications/coffee-rails-4.0.1.gemspec
I, [2014-07-27T13:09:03.595266 #78919]  INFO -- : 0:  commonjs (0.2.7) from /Users/Spike/.rvm/gems/ruby-2.1.0/specifications/commonjs-0.2.7.gemspec
I, [2014-07-27T13:09:03.595496 #78919]  INFO -- : 0:  daemons (1.1.9) from /Users/Spike/.rvm/gems/ruby-2.1.0/specifications/daemons-1.1.9.gemspec
I, [2014-07-27T13:09:03.595725 #78919]  INFO -- : 0:  eventmachine (1.0.3) from /Users/Spike/.rvm/gems/ruby-2.1.0/specifications/eventmachine-1.0.3.gemspec
I, [2014-07-27T13:09:03.595952 #78919]  INFO -- : 0:  less (2.4.0) from /Users/Spike/.rvm/gems/ruby-2.1.0/specifications/less-2.4.0.gemspec
I, [2014-07-27T13:09:03.596182 #78919]  INFO -- : 0:  font-awesome-less (4.1.0) from /Users/Spike/.rvm/gems/ruby-2.1.0/specifications/font-awesome-less-4.1.0.gemspec
I, [2014-07-27T13:09:03.596413 #78919]  INFO -- : 0:  font-awesome-sass (4.1.0) from /Users/Spike/.rvm/gems/ruby-2.1.0/specifications/font-awesome-sass-4.1.0.gemspec
I, [2014-07-27T13:09:03.596639 #78919]  INFO -- : 0:  hike (1.2.3) from /Users/Spike/.rvm/gems/ruby-2.1.0/specifications/hike-1.2.3.gemspec
I, [2014-07-27T13:09:04.142079 #78919]  INFO -- : 0:  hirb (0.7.2) from /Users/Spike/.rvm/gems/ruby-2.1.0/specifications/hirb-0.7.2.gemspec
I, [2014-07-27T13:09:04.142422 #78919]  INFO -- : 0:  jbuilder (1.5.3) from /Users/Spike/.rvm/gems/ruby-2.1.0/specifications/jbuilder-1.5.3.gemspec
I, [2014-07-27T13:09:04.813573 #78919]  INFO -- : 0:  jquery-rails (3.1.1) from /Users/Spike/.rvm/gems/ruby-2.1.0/specifications/jquery-rails-3.1.1.gemspec
I, [2014-07-27T13:09:04.813943 #78919]  INFO -- : 0:  less-rails (2.4.2) from /Users/Spike/.rvm/gems/ruby-2.1.0/specifications/less-rails-2.4.2.gemspec
I, [2014-07-27T13:09:04.814211 #78919]  INFO -- : 0:  libv8 (3.16.14.3) from /Users/Spike/.rvm/gems/ruby-2.1.0/specifications/libv8-3.16.14.3-x86_64-darwin-12.gemspec
I, [2014-07-27T13:09:04.814716 #78919]  INFO -- : 0:  pg (0.17.1) from /Users/Spike/.rvm/gems/ruby-2.1.0/specifications/pg-0.17.1.gemspec
I, [2014-07-27T13:09:04.814948 #78919]  INFO -- : 0:  tilt (1.4.1) from /Users/Spike/.rvm/gems/ruby-2.1.0/specifications/tilt-1.4.1.gemspec
I, [2014-07-27T13:09:04.815181 #78919]  INFO -- : 0:  sprockets (2.11.0) from /Users/Spike/.rvm/gems/ruby-2.1.0/specifications/sprockets-2.11.0.gemspec
I, [2014-07-27T13:09:04.815410 #78919]  INFO -- : 0:  sprockets-rails (2.0.1) from /Users/Spike/.rvm/gems/ruby-2.1.0/specifications/sprockets-rails-2.0.1.gemspec
I, [2014-07-27T13:09:04.815651 #78919]  INFO -- : 0:  rails (4.0.3) from /Users/Spike/.rvm/gems/ruby-2.1.0/specifications/rails-4.0.3.gemspec
I, [2014-07-27T13:09:05.356213 #78919]  INFO -- : 0:  rails-footnotes (4.0.2) from /Users/Spike/.rvm/gems/ruby-2.1.0/specifications/rails-footnotes-4.0.2.gemspec
I, [2014-07-27T13:09:05.356529 #78919]  INFO -- : 0:  rdoc (4.1.1) from /Users/Spike/.rvm/gems/ruby-2.1.0/specifications/rdoc-4.1.1.gemspec
I, [2014-07-27T13:09:05.356768 #78919]  INFO -- : 0:  ref (1.0.5) from /Users/Spike/.rvm/gems/ruby-2.1.0/specifications/ref-1.0.5.gemspec
I, [2014-07-27T13:09:05.357002 #78919]  INFO -- : 0:  sass-rails (4.0.3) from /Users/Spike/.rvm/gems/ruby-2.1.0/specifications/sass-rails-4.0.3.gemspec
I, [2014-07-27T13:09:05.357230 #78919]  INFO -- : 0:  sdoc (0.4.0) from /Users/Spike/.rvm/gems/ruby-2.1.0/specifications/sdoc-0.4.0.gemspec
I, [2014-07-27T13:09:05.357461 #78919]  INFO -- : 0:  simple_form (3.0.2) from /Users/Spike/.rvm/gems/ruby-2.1.0/specifications/simple_form-3.0.2.gemspec
I, [2014-07-27T13:09:05.357684 #78919]  INFO -- : 0:  sqlite3 (1.3.9) from /Users/Spike/.rvm/gems/ruby-2.1.0/specifications/sqlite3-1.3.9.gemspec
I, [2014-07-27T13:09:05.357913 #78919]  INFO -- : 0:  therubyracer (0.12.1) from /Users/Spike/.rvm/gems/ruby-2.1.0/specifications/therubyracer-0.12.1.gemspec
I, [2014-07-27T13:09:05.358135 #78919]  INFO -- : 0:  thin (1.6.2) from /Users/Spike/.rvm/gems/ruby-2.1.0/specifications/thin-1.6.2.gemspec
I, [2014-07-27T13:09:05.358358 #78919]  INFO -- : 0:  turbolinks (2.2.2) from /Users/Spike/.rvm/gems/ruby-2.1.0/specifications/turbolinks-2.2.2.gemspec
I, [2014-07-27T13:09:06.024180 #78919]  INFO -- : 0:  uglifier (2.5.3) from /Users/Spike/.rvm/gems/ruby-2.1.0/specifications/uglifier-2.5.3.gemspec
